# JRE version: OpenJDK Runtime Environment (16.0.2+7) (build 16.0.2+7-67)
# Java VM: OpenJDK 64-Bit Server VM (16.0.2+7-67, mixed mode, tiered, compressed oops, compressed class ptrs, g1 gc, windows-amd64)
GC Precious Log:
 CPUs: 8 total, 8 available
 Memory: 3877M
 Large Page Support: Disabled
 NUMA Support: Disabled
 Compressed Oops: Enabled (32-bit)
 Heap Region Size: 1M
 Heap Min Capacity: 8M
 Heap Initial Capacity: 62M
 Heap Max Capacity: 970M
 Pre-touch: Disabled
 Parallel Workers: 8
 Concurrent Workers: 2
 Concurrent Refinement Workers: 8
 Periodic GC: Disabled
Heap:
 garbage-first heap   total 92160K, used 40218K [0x00000000c3600000, 0x0000000100000000)
  region size 1024K, 8 young (8192K), 1 survivors (1024K)
 Metaspace       used 83130K, committed 83840K, reserved 1130496K
  class space    used 9711K, committed 10048K, reserved 1048576K
GC Heap History (20 events):
Event: 7487.028 GC heap before
{Heap before GC invocations=76 (full 6):
 garbage-first heap   total 92160K, used 36179K [0x00000000c3600000, 0x0000000100000000)
  region size 1024K, 4 young (4096K), 1 survivors (1024K)
 Metaspace       used 82665K, committed 83392K, reserved 1122304K
  class space    used 9709K, committed 10048K, reserved 1048576K
}
Event: 7487.210 GC heap after
{Heap after GC invocations=77 (full 6):
 garbage-first heap   total 92160K, used 33140K [0x00000000c3600000, 0x0000000100000000)
  region size 1024K, 1 young (1024K), 1 survivors (1024K)
 Metaspace       used 82665K, committed 83392K, reserved 1122304K
  class space    used 9709K, committed 10048K, reserved 1048576K
}
Event: 7545.288 GC heap before
{Heap before GC invocations=77 (full 6):
 garbage-first heap   total 92160K, used 36212K [0x00000000c3600000, 0x0000000100000000)
  region size 1024K, 4 young (4096K), 1 survivors (1024K)
 Metaspace       used 82665K, committed 83392K, reserved 1122304K
  class space    used 9709K, committed 10048K, reserved 1048576K
}
Event: 7545.820 GC heap after
{Heap after GC invocations=78 (full 6):
 garbage-first heap   total 92160K, used 33150K [0x00000000c3600000, 0x0000000100000000)
  region size 1024K, 1 young (1024K), 1 survivors (1024K)
 Metaspace       used 82665K, committed 83392K, reserved 1122304K
  class space    used 9709K, committed 10048K, reserved 1048576K
}
Event: 7814.774 GC heap before
{Heap before GC invocations=78 (full 6):
 garbage-first heap   total 92160K, used 50558K [0x00000000c3600000, 0x0000000100000000)
  region size 1024K, 18 young (18432K), 1 survivors (1024K)
 Metaspace       used 82746K, committed 83456K, reserved 1122304K
  class space    used 9709K, committed 10048K, reserved 1048576K
}
Event: 7814.891 GC heap after
{Heap after GC invocations=79 (full 6):
 garbage-first heap   total 92160K, used 33197K [0x00000000c3600000, 0x0000000100000000)
  region size 1024K, 1 young (1024K), 1 survivors (1024K)
 Metaspace       used 82746K, committed 83456K, reserved 1122304K
  class space    used 9709K, committed 10048K, reserved 1048576K
}
Event: 8316.097 GC heap before
{Heap before GC invocations=79 (full 6):
 garbage-first heap   total 92160K, used 78253K [0x00000000c3600000, 0x0000000100000000)
  region size 1024K, 46 young (47104K), 1 survivors (1024K)
 Metaspace       used 82829K, committed 83520K, reserved 1122304K
  class space    used 9710K, committed 10048K, reserved 1048576K
}
Event: 8317.081 GC heap after
{Heap after GC invocations=80 (full 6):
 garbage-first heap   total 92160K, used 33773K [0x00000000c3600000, 0x0000000100000000)
  region size 1024K, 1 young (1024K), 1 survivors (1024K)
 Metaspace       used 82829K, committed 83520K, reserved 1122304K
  class space    used 9710K, committed 10048K, reserved 1048576K
}
Event: 9076.998 GC heap before
{Heap before GC invocations=80 (full 6):
 garbage-first heap   total 92160K, used 78829K [0x00000000c3600000, 0x0000000100000000)
  region size 1024K, 45 young (46080K), 1 survivors (1024K)
 Metaspace       used 82975K, committed 83712K, reserved 1130496K
  class space    used 9711K, committed 10048K, reserved 1048576K
}
Event: 9077.164 GC heap after
{Heap after GC invocations=81 (full 6):
 garbage-first heap   total 92160K, used 33812K [0x00000000c3600000, 0x0000000100000000)
  region size 1024K, 1 young (1024K), 1 survivors (1024K)
 Metaspace       used 82975K, committed 83712K, reserved 1130496K
  class space    used 9711K, committed 10048K, reserved 1048576K
}
Event: 9631.430 GC heap before
{Heap before GC invocations=81 (full 6):
 garbage-first heap   total 92160K, used 79892K [0x00000000c3600000, 0x0000000100000000)
  region size 1024K, 46 young (47104K), 1 survivors (1024K)
 Metaspace       used 83036K, committed 83776K, reserved 1130496K
  class space    used 9711K, committed 10048K, reserved 1048576K
}
Event: 9632.142 GC heap after
{Heap after GC invocations=82 (full 6):
 garbage-first heap   total 92160K, used 34147K [0x00000000c3600000, 0x0000000100000000)
  region size 1024K, 2 young (2048K), 2 survivors (2048K)
 Metaspace       used 83036K, committed 83776K, reserved 1130496K
  class space    used 9711K, committed 10048K, reserved 1048576K
}
Event: 9805.125 GC heap before
{Heap before GC invocations=82 (full 6):
 garbage-first heap   total 92160K, used 45411K [0x00000000c3600000, 0x0000000100000000)
  region size 1024K, 13 young (13312K), 2 survivors (2048K)
 Metaspace       used 83045K, committed 83776K, reserved 1130496K
  class space    used 9711K, committed 10048K, reserved 1048576K
}
Event: 9805.422 GC heap after
{Heap after GC invocations=83 (full 6):
 garbage-first heap   total 92160K, used 34069K [0x00000000c3600000, 0x0000000100000000)
  region size 1024K, 1 young (1024K), 1 survivors (1024K)
 Metaspace       used 83045K, committed 83776K, reserved 1130496K
  class space    used 9711K, committed 10048K, reserved 1048576K
}
Event: 10102.042 GC heap before
{Heap before GC invocations=83 (full 6):
 garbage-first heap   total 92160K, used 49429K [0x00000000c3600000, 0x0000000100000000)
  region size 1024K, 16 young (16384K), 1 survivors (1024K)
 Metaspace       used 83051K, committed 83776K, reserved 1130496K
  class space    used 9711K, committed 10048K, reserved 1048576K
}
Event: 10102.554 GC heap after
{Heap after GC invocations=84 (full 6):
 garbage-first heap   total 92160K, used 33844K [0x00000000c3600000, 0x0000000100000000)
  region size 1024K, 1 young (1024K), 1 survivors (1024K)
 Metaspace       used 83051K, committed 83776K, reserved 1130496K
  class space    used 9711K, committed 10048K, reserved 1048576K
}
Event: 10818.018 GC heap before
{Heap before GC invocations=84 (full 6):
 garbage-first heap   total 92160K, used 71732K [0x00000000c3600000, 0x0000000100000000)
  region size 1024K, 39 young (39936K), 1 survivors (1024K)
 Metaspace       used 83068K, committed 83776K, reserved 1130496K
  class space    used 9711K, committed 10048K, reserved 1048576K
}
Event: 10818.163 GC heap after
{Heap after GC invocations=85 (full 6):
 garbage-first heap   total 92160K, used 33812K [0x00000000c3600000, 0x0000000100000000)
  region size 1024K, 1 young (1024K), 1 survivors (1024K)
 Metaspace       used 83068K, committed 83776K, reserved 1130496K
  class space    used 9711K, committed 10048K, reserved 1048576K
}
Event: 11407.102 GC heap before
{Heap before GC invocations=85 (full 6):
 garbage-first heap   total 92160K, used 77844K [0x00000000c3600000, 0x0000000100000000)
  region size 1024K, 44 young (45056K), 1 survivors (1024K)
 Metaspace       used 83114K, committed 83840K, reserved 1130496K
  class space    used 9711K, committed 10048K, reserved 1048576K
}
Event: 11407.162 GC heap after
{Heap after GC invocations=86 (full 6):
 garbage-first heap   total 92160K, used 34074K [0x00000000c3600000, 0x0000000100000000)
  region size 1024K, 1 young (1024K), 1 survivors (1024K)
 Metaspace       used 83114K, committed 83840K, reserved 1130496K
  class space    used 9711K, committed 10048K, reserved 1048576K
}

